<?xml version="1.0" encoding="UTF-8"?>
<robot generator="Robot 6.1.1 (Python 3.11.5 on win32)" generated="20230913 23:33:15.277" rpa="false" schemaversion="4">
<suite id="s1" name="Robot Framework" source="C:\Users\satyanam\PycharmProjects\Robot_Framework">
<suite id="s1-s1" name="Framework" source="C:\Users\satyanam\PycharmProjects\Robot_Framework\framework">
<suite id="s1-s1-s1" name="TestCycles" source="C:\Users\satyanam\PycharmProjects\Robot_Framework\framework\TestCycles">
<suite id="s1-s1-s1-s1" name="Module1" source="C:\Users\satyanam\PycharmProjects\Robot_Framework\framework\TestCycles\Module1">
<suite id="s1-s1-s1-s1-s1" name="Testscenerio" source="C:\Users\satyanam\PycharmProjects\Robot_Framework\framework\TestCycles\Module1\Testscenerio">
<suite id="s1-s1-s1-s1-s1-s1" name="Testcase3" source="C:\Users\satyanam\PycharmProjects\Robot_Framework\framework\TestCycles\Module1\Testscenerio\testcase3.robot">
<test id="s1-s1-s1-s1-s1-s1-t1" name="Gmail Login and Update Personal Information" line="8">
<kw name="Open Terralogic Website" library="Hr_login_po">
<kw name="Open Browser" library="SeleniumLibrary">
<arg>${BaseURL}</arg>
<arg>firefox</arg>
<doc>Opens a new browser instance to the optional ``url``.</doc>
<msg timestamp="20230913 23:33:15.637" level="INFO">Opening browser 'firefox' to base url 'https://terralogic.paxanimi.ai/login'.</msg>
<status status="PASS" starttime="20230913 23:33:15.637" endtime="20230913 23:33:27.681"/>
</kw>
<kw name="Set Selenium Implicit Wait" library="SeleniumLibrary">
<arg>10s</arg>
<doc>Sets the implicit wait value used by Selenium.</doc>
<status status="PASS" starttime="20230913 23:33:27.681" endtime="20230913 23:33:27.684"/>
</kw>
<kw name="Maximize Browser Window" library="SeleniumLibrary">
<doc>Maximizes current browser window.</doc>
<status status="PASS" starttime="20230913 23:33:27.684" endtime="20230913 23:33:27.688"/>
</kw>
<status status="PASS" starttime="20230913 23:33:15.637" endtime="20230913 23:33:27.688"/>
</kw>
<kw name="Click on terralogic_login" library="Hr_login_keywords">
<kw name="Click Element" library="SeleniumLibrary">
<arg>${terralogic_login}</arg>
<doc>Click the element identified by ``locator``.</doc>
<msg timestamp="20230913 23:33:27.695" level="INFO">Clicking element 'xpath://button[@class='ant-btn ant-btn-round ant-btn-default ant-btn-lg MyButton__outline']'.</msg>
<status status="PASS" starttime="20230913 23:33:27.694" endtime="20230913 23:33:28.693"/>
</kw>
<kw name="Sleep" library="BuiltIn">
<arg>4s</arg>
<doc>Pauses the test executed for the given time.</doc>
<msg timestamp="20230913 23:33:32.694" level="INFO">Slept 4 seconds</msg>
<status status="PASS" starttime="20230913 23:33:28.694" endtime="20230913 23:33:32.694"/>
</kw>
<status status="PASS" starttime="20230913 23:33:27.693" endtime="20230913 23:33:32.694"/>
</kw>
<kw name="Switch to window" library="Hr_login_keywords">
<kw name="Get Window Handles" library="SeleniumLibrary">
<var>${handles}</var>
<doc>Returns all child window handles of the selected browser as a list.</doc>
<msg timestamp="20230913 23:33:32.704" level="INFO">${handles} = ['76023add-afa7-4bb6-a8c5-7852010b6c1f', 'b78ae1ca-6518-46f2-9755-61f5a057b017']</msg>
<status status="PASS" starttime="20230913 23:33:32.695" endtime="20230913 23:33:32.704"/>
</kw>
<kw name="Switch Window" library="SeleniumLibrary">
<arg>${handles}[1]</arg>
<doc>Switches to browser window matching ``locator``.</doc>
<status status="PASS" starttime="20230913 23:33:32.705" endtime="20230913 23:33:32.787"/>
</kw>
<status status="PASS" starttime="20230913 23:33:32.695" endtime="20230913 23:33:32.787"/>
</kw>
<kw name="Login to Gmail" library="Hr_login_keywords">
<arg>${Username}</arg>
<arg>${Password}</arg>
<arg>${Hros_user_xpath}</arg>
<arg>${Hros_pass_xpath}</arg>
<kw name="Input Text" library="SeleniumLibrary">
<arg>${user_xpath}</arg>
<arg>${username}</arg>
<doc>Types the given ``text`` into the text field identified by ``locator``.</doc>
<msg timestamp="20230913 23:33:32.790" level="INFO">Typing text 'satyanarayan.mishra@terralogic.com' into text field 'xpath://input[@id='identifierId']'.</msg>
<status status="PASS" starttime="20230913 23:33:32.788" endtime="20230913 23:33:33.098"/>
</kw>
<kw name="Sleep" library="BuiltIn">
<arg>5s</arg>
<doc>Pauses the test executed for the given time.</doc>
<msg timestamp="20230913 23:33:38.100" level="INFO">Slept 5 seconds</msg>
<status status="PASS" starttime="20230913 23:33:33.099" endtime="20230913 23:33:38.100"/>
</kw>
<kw name="Click Button" library="SeleniumLibrary">
<arg>${Next}</arg>
<doc>Clicks the button identified by ``locator``.</doc>
<msg timestamp="20230913 23:33:38.101" level="INFO">Clicking button 'xpath://span[text()='Next']//parent::button'.</msg>
<status status="PASS" starttime="20230913 23:33:38.100" endtime="20230913 23:33:38.450"/>
</kw>
<kw name="Sleep" library="BuiltIn">
<arg>30s</arg>
<doc>Pauses the test executed for the given time.</doc>
<msg timestamp="20230913 23:34:08.450" level="INFO">Slept 30 seconds</msg>
<status status="PASS" starttime="20230913 23:33:38.450" endtime="20230913 23:34:08.450"/>
</kw>
<kw name="Input Text" library="SeleniumLibrary">
<arg>${pass_xpath}</arg>
<arg>${password}</arg>
<doc>Types the given ``text`` into the text field identified by ``locator``.</doc>
<msg timestamp="20230913 23:34:08.452" level="INFO">Typing text 'Samkam@1cam' into text field 'xpath://input[@name='Passwd']'.</msg>
<status status="PASS" starttime="20230913 23:34:08.451" endtime="20230913 23:34:08.517"/>
</kw>
<kw name="Sleep" library="BuiltIn">
<arg>5s</arg>
<doc>Pauses the test executed for the given time.</doc>
<msg timestamp="20230913 23:34:13.519" level="INFO">Slept 5 seconds</msg>
<status status="PASS" starttime="20230913 23:34:08.517" endtime="20230913 23:34:13.519"/>
</kw>
<kw name="Click Button" library="SeleniumLibrary">
<arg>${Next}</arg>
<doc>Clicks the button identified by ``locator``.</doc>
<msg timestamp="20230913 23:34:13.520" level="INFO">Clicking button 'xpath://span[text()='Next']//parent::button'.</msg>
<status status="PASS" starttime="20230913 23:34:13.519" endtime="20230913 23:34:13.827"/>
</kw>
<kw name="Sleep" library="BuiltIn">
<arg>30s</arg>
<doc>Pauses the test executed for the given time.</doc>
<msg timestamp="20230913 23:34:43.828" level="INFO">Slept 30 seconds</msg>
<status status="PASS" starttime="20230913 23:34:13.827" endtime="20230913 23:34:43.828"/>
</kw>
<status status="PASS" starttime="20230913 23:33:32.788" endtime="20230913 23:34:43.828"/>
</kw>
<kw name="Log To Console" library="BuiltIn">
<arg>Hr_OS Login Successful verified !!!!!</arg>
<doc>Logs the given message to the console.</doc>
<status status="PASS" starttime="20230913 23:34:43.830" endtime="20230913 23:34:43.831"/>
</kw>
<kw name="Switch Back To Main Window" library="Hr_login_keywords">
<kw name="Get Window Handles" library="SeleniumLibrary">
<var>${handles}</var>
<doc>Returns all child window handles of the selected browser as a list.</doc>
<msg timestamp="20230913 23:34:43.839" level="INFO">${handles} = ['76023add-afa7-4bb6-a8c5-7852010b6c1f']</msg>
<status status="PASS" starttime="20230913 23:34:43.833" endtime="20230913 23:34:43.839"/>
</kw>
<kw name="Switch Window" library="SeleniumLibrary">
<arg>${handles}[0]</arg>
<doc>Switches to browser window matching ``locator``.</doc>
<status status="PASS" starttime="20230913 23:34:43.840" endtime="20230913 23:34:43.858"/>
</kw>
<status status="PASS" starttime="20230913 23:34:43.832" endtime="20230913 23:34:43.858"/>
</kw>
<kw name="Sleep" library="BuiltIn">
<arg>10s</arg>
<doc>Pauses the test executed for the given time.</doc>
<msg timestamp="20230913 23:34:53.861" level="INFO">Slept 10 seconds</msg>
<status status="PASS" starttime="20230913 23:34:43.860" endtime="20230913 23:34:53.861"/>
</kw>
<kw name="Logout from Hr-OS" library="Hr_login_po">
<kw name="Click Element" library="SeleniumLibrary">
<arg>xpath://span[@class='ant-avatar ant-avatar-circle ant-avatar-image MyAvatar'][1]</arg>
<doc>Click the element identified by ``locator``.</doc>
<msg timestamp="20230913 23:34:53.863" level="INFO">Clicking element 'xpath://span[@class='ant-avatar ant-avatar-circle ant-avatar-image MyAvatar'][1]'.</msg>
<status status="PASS" starttime="20230913 23:34:53.862" endtime="20230913 23:34:54.118"/>
</kw>
<kw name="Sleep" library="BuiltIn">
<arg>2s</arg>
<doc>Pauses the test executed for the given time.</doc>
<msg timestamp="20230913 23:34:56.119" level="INFO">Slept 2 seconds</msg>
<status status="PASS" starttime="20230913 23:34:54.119" endtime="20230913 23:34:56.119"/>
</kw>
<kw name="Click Element" library="SeleniumLibrary">
<arg>xpath://span[.='Logout']</arg>
<doc>Click the element identified by ``locator``.</doc>
<msg timestamp="20230913 23:34:56.120" level="INFO">Clicking element 'xpath://span[.='Logout']'.</msg>
<status status="PASS" starttime="20230913 23:34:56.119" endtime="20230913 23:34:56.463"/>
</kw>
<kw name="Sleep" library="BuiltIn">
<arg>4s</arg>
<doc>Pauses the test executed for the given time.</doc>
<msg timestamp="20230913 23:35:00.464" level="INFO">Slept 4 seconds</msg>
<status status="PASS" starttime="20230913 23:34:56.463" endtime="20230913 23:35:00.464"/>
</kw>
<status status="PASS" starttime="20230913 23:34:53.861" endtime="20230913 23:35:00.465"/>
</kw>
<kw name="Log To Console" library="BuiltIn">
<arg>Hr-OS Logout Successful verified !!!!!!!</arg>
<doc>Logs the given message to the console.</doc>
<status status="PASS" starttime="20230913 23:35:00.465" endtime="20230913 23:35:00.467"/>
</kw>
<status status="PASS" starttime="20230913 23:33:15.636" endtime="20230913 23:35:00.468"/>
</test>
<status status="PASS" starttime="20230913 23:33:15.329" endtime="20230913 23:35:00.470"/>
</suite>
<status status="PASS" starttime="20230913 23:33:15.323" endtime="20230913 23:35:00.475"/>
</suite>
<status status="PASS" starttime="20230913 23:33:15.321" endtime="20230913 23:35:00.479"/>
</suite>
<status status="PASS" starttime="20230913 23:33:15.316" endtime="20230913 23:35:00.482"/>
</suite>
<status status="PASS" starttime="20230913 23:33:15.312" endtime="20230913 23:35:00.487"/>
</suite>
<status status="PASS" starttime="20230913 23:33:15.281" endtime="20230913 23:35:00.497"/>
</suite>
<statistics>
<total>
<stat pass="1" fail="0" skip="0">All Tests</stat>
</total>
<tag>
</tag>
<suite>
<stat pass="1" fail="0" skip="0" id="s1" name="Robot Framework">Robot Framework</stat>
<stat pass="1" fail="0" skip="0" id="s1-s1" name="Framework">Robot Framework.Framework</stat>
<stat pass="1" fail="0" skip="0" id="s1-s1-s1" name="TestCycles">Robot Framework.Framework.TestCycles</stat>
<stat pass="1" fail="0" skip="0" id="s1-s1-s1-s1" name="Module1">Robot Framework.Framework.TestCycles.Module1</stat>
<stat pass="1" fail="0" skip="0" id="s1-s1-s1-s1-s1" name="Testscenerio">Robot Framework.Framework.TestCycles.Module1.Testscenerio</stat>
<stat pass="1" fail="0" skip="0" id="s1-s1-s1-s1-s1-s1" name="Testcase3">Robot Framework.Framework.TestCycles.Module1.Testscenerio.Testcase3</stat>
</suite>
</statistics>
<errors>
</errors>
</robot>
