<?xml version="1.0" encoding="UTF-8"?>
<robot generator="Robot 6.0.2 (Python 3.10.9 on win32)" generated="20230909 12:04:23.888" rpa="false" schemaversion="3">
<suite id="s1" name="Testcase41" source="C:\Users\Thippeswamy U-3061\PycharmProjects\Robot_Framework\framework\TestCycles\Module1\Testscenerio\testcase41.robot">
<test id="s1-t1" name="Time Sheet Fill On Daily Basis" line="8">
<kw name="Open Terralogic Website" library="Hr_login_po">
<kw name="Open Browser" library="SeleniumLibrary">
<arg>${BaseURL}</arg>
<arg>firefox</arg>
<doc>Opens a new browser instance to the optional ``url``.</doc>
<msg timestamp="20230909 12:04:24.151" level="INFO">Opening browser 'firefox' to base url 'https://terralogic.paxanimi.ai/login'.</msg>
<msg timestamp="20230909 12:04:24.151" level="INFO">Firefox driver log is always forced to to: C:\Users\Thippeswamy U-3061\PycharmProjects\Robot_Framework\framework\TestCycles\Module1\Testscenerio\geckodriver-34.log</msg>
<status status="PASS" starttime="20230909 12:04:24.150" endtime="20230909 12:04:34.012"/>
</kw>
<kw name="Set Selenium Implicit Wait" library="SeleniumLibrary">
<arg>10s</arg>
<doc>Sets the implicit wait value used by Selenium.</doc>
<status status="PASS" starttime="20230909 12:04:34.012" endtime="20230909 12:04:34.018"/>
</kw>
<kw name="Maximize Browser Window" library="SeleniumLibrary">
<doc>Maximizes current browser window.</doc>
<status status="PASS" starttime="20230909 12:04:34.018" endtime="20230909 12:04:34.023"/>
</kw>
<status status="PASS" starttime="20230909 12:04:24.148" endtime="20230909 12:04:34.023"/>
</kw>
<kw name="Click on terralogic_login" library="Hr_login_keywords">
<kw name="Click Element" library="SeleniumLibrary">
<arg>${terralogic_login}</arg>
<doc>Click the element identified by ``locator``.</doc>
<msg timestamp="20230909 12:04:34.023" level="INFO">Clicking element 'xpath://button[@class='ant-btn ant-btn-round ant-btn-default ant-btn-lg MyButton__outline']'.</msg>
<status status="PASS" starttime="20230909 12:04:34.023" endtime="20230909 12:04:35.276"/>
</kw>
<kw name="Sleep" library="BuiltIn">
<arg>4s</arg>
<doc>Pauses the test executed for the given time.</doc>
<msg timestamp="20230909 12:04:39.288" level="INFO">Slept 4 seconds</msg>
<status status="PASS" starttime="20230909 12:04:35.276" endtime="20230909 12:04:39.288"/>
</kw>
<status status="PASS" starttime="20230909 12:04:34.023" endtime="20230909 12:04:39.288"/>
</kw>
<kw name="Switch to window" library="Hr_login_keywords">
<kw name="Get Window Handles" library="SeleniumLibrary">
<var>${handles}</var>
<doc>Returns all child window handles of the selected browser as a list.</doc>
<msg timestamp="20230909 12:04:39.296" level="INFO">${handles} = ['9490bdbd-f12a-451f-8702-09e559e6778a', '8ce67658-48c4-445d-814e-4ef206b836b2']</msg>
<status status="PASS" starttime="20230909 12:04:39.288" endtime="20230909 12:04:39.296"/>
</kw>
<kw name="Switch Window" library="SeleniumLibrary">
<arg>${handles}[1]</arg>
<doc>Switches to browser window matching ``locator``.</doc>
<status status="PASS" starttime="20230909 12:04:39.296" endtime="20230909 12:04:39.370"/>
</kw>
<status status="PASS" starttime="20230909 12:04:39.288" endtime="20230909 12:04:39.370"/>
</kw>
<kw name="Login to Gmail" library="Hr_login_keywords">
<arg>${Username}</arg>
<arg>${Password}</arg>
<arg>${Hros_user_xpath}</arg>
<arg>${Hros_pass_xpath}</arg>
<kw name="Input Text" library="SeleniumLibrary">
<arg>${user_xpath}</arg>
<arg>${username}</arg>
<doc>Types the given ``text`` into the text field identified by ``locator``.</doc>
<msg timestamp="20230909 12:04:39.374" level="INFO">Typing text 'uppara.thippeswamy@terralogic.com' into text field 'xpath://input[@id='identifierId']'.</msg>
<status status="PASS" starttime="20230909 12:04:39.370" endtime="20230909 12:04:39.505"/>
</kw>
<kw name="Sleep" library="BuiltIn">
<arg>5s</arg>
<doc>Pauses the test executed for the given time.</doc>
<msg timestamp="20230909 12:04:44.505" level="INFO">Slept 5 seconds</msg>
<status status="PASS" starttime="20230909 12:04:39.505" endtime="20230909 12:04:44.505"/>
</kw>
<kw name="Click Button" library="SeleniumLibrary">
<arg>${Next}</arg>
<doc>Clicks the button identified by ``locator``.</doc>
<msg timestamp="20230909 12:04:44.505" level="INFO">Clicking button 'xpath://span[text()='Next']//parent::button'.</msg>
<status status="PASS" starttime="20230909 12:04:44.505" endtime="20230909 12:04:44.841"/>
</kw>
<kw name="Sleep" library="BuiltIn">
<arg>30s</arg>
<doc>Pauses the test executed for the given time.</doc>
<msg timestamp="20230909 12:05:14.843" level="INFO">Slept 30 seconds</msg>
<status status="PASS" starttime="20230909 12:04:44.841" endtime="20230909 12:05:14.843"/>
</kw>
<kw name="Input Text" library="SeleniumLibrary">
<arg>${pass_xpath}</arg>
<arg>${password}</arg>
<doc>Types the given ``text`` into the text field identified by ``locator``.</doc>
<msg timestamp="20230909 12:05:14.846" level="INFO">Typing text 'Thippeswamy@0224' into text field 'xpath://input[@name='Passwd']'.</msg>
<status status="PASS" starttime="20230909 12:05:14.843" endtime="20230909 12:05:14.915"/>
</kw>
<kw name="Sleep" library="BuiltIn">
<arg>5s</arg>
<doc>Pauses the test executed for the given time.</doc>
<msg timestamp="20230909 12:05:19.919" level="INFO">Slept 5 seconds</msg>
<status status="PASS" starttime="20230909 12:05:14.915" endtime="20230909 12:05:19.919"/>
</kw>
<kw name="Click Button" library="SeleniumLibrary">
<arg>${Next}</arg>
<doc>Clicks the button identified by ``locator``.</doc>
<msg timestamp="20230909 12:05:19.919" level="INFO">Clicking button 'xpath://span[text()='Next']//parent::button'.</msg>
<status status="PASS" starttime="20230909 12:05:19.919" endtime="20230909 12:05:20.209"/>
</kw>
<kw name="Sleep" library="BuiltIn">
<arg>30s</arg>
<doc>Pauses the test executed for the given time.</doc>
<msg timestamp="20230909 12:05:50.225" level="INFO">Slept 30 seconds</msg>
<status status="PASS" starttime="20230909 12:05:20.209" endtime="20230909 12:05:50.225"/>
</kw>
<status status="PASS" starttime="20230909 12:04:39.370" endtime="20230909 12:05:50.226"/>
</kw>
<kw name="Sleep" library="BuiltIn">
<arg>5s</arg>
<doc>Pauses the test executed for the given time.</doc>
<msg timestamp="20230909 12:05:55.228" level="INFO">Slept 5 seconds</msg>
<status status="PASS" starttime="20230909 12:05:50.227" endtime="20230909 12:05:55.228"/>
</kw>
<kw name="Switch Back To Main Window" library="Hr_login_keywords">
<kw name="Get Window Handles" library="SeleniumLibrary">
<var>${handles}</var>
<doc>Returns all child window handles of the selected browser as a list.</doc>
<msg timestamp="20230909 12:05:55.236" level="INFO">${handles} = ['9490bdbd-f12a-451f-8702-09e559e6778a']</msg>
<status status="PASS" starttime="20230909 12:05:55.230" endtime="20230909 12:05:55.236"/>
</kw>
<kw name="Switch Window" library="SeleniumLibrary">
<arg>${handles}[0]</arg>
<doc>Switches to browser window matching ``locator``.</doc>
<status status="PASS" starttime="20230909 12:05:55.236" endtime="20230909 12:05:55.253"/>
</kw>
<status status="PASS" starttime="20230909 12:05:55.229" endtime="20230909 12:05:55.253"/>
</kw>
<kw name="Sleep" library="BuiltIn">
<arg>4s</arg>
<doc>Pauses the test executed for the given time.</doc>
<msg timestamp="20230909 12:05:59.263" level="INFO">Slept 4 seconds</msg>
<status status="PASS" starttime="20230909 12:05:55.254" endtime="20230909 12:05:59.263"/>
</kw>
<kw name="Time Sheet for a week on Daily basis" library="Hr_daily_base_sheet_keywords">
<kw name="Get Current Date" library="DateTime">
<var>${current_date}</var>
<arg>result_format=%Y-%m-%d</arg>
<doc>Returns current local or UTC time with an optional increment.</doc>
<msg timestamp="20230909 12:05:59.266" level="INFO">${current_date} = 2023-09-09</msg>
<status status="PASS" starttime="20230909 12:05:59.265" endtime="20230909 12:05:59.266"/>
</kw>
<kw name="Create List" library="BuiltIn">
<var>@{week_days}</var>
<doc>Returns a list containing given items.</doc>
<msg timestamp="20230909 12:05:59.267" level="INFO">@{week_days} = [ ]</msg>
<status status="PASS" starttime="20230909 12:05:59.266" endtime="20230909 12:05:59.267"/>
</kw>
<for flavor="IN RANGE">
<var>${i}</var>
<value>0</value>
<value>7</value>
<iter>
<var name="${i}">0</var>
<kw name="Add Time To Date" library="DateTime">
<var>${date}</var>
<arg>${current_date}</arg>
<arg>${i} days</arg>
<doc>Adds time to date and returns the resulting date.</doc>
<msg timestamp="20230909 12:05:59.288" level="INFO">${date} = 2023-09-09 00:00:00.000</msg>
<status status="PASS" starttime="20230909 12:05:59.268" endtime="20230909 12:05:59.288"/>
</kw>
<kw name="Set Variable" library="BuiltIn">
<var>${date_without_time}</var>
<arg>${date}[0:10]</arg>
<doc>Returns the given values which can then be assigned to a variables.</doc>
<msg timestamp="20230909 12:05:59.289" level="INFO">${date_without_time} = 2023-09-09</msg>
<status status="PASS" starttime="20230909 12:05:59.289" endtime="20230909 12:05:59.289"/>
</kw>
<kw name="Evaluate" library="BuiltIn">
<var>${weekday_name}</var>
<arg>datetime.datetime.strptime("${date_without_time}", "%Y-%m-%d").strftime("%A")</arg>
<doc>Evaluates the given expression in Python and returns the result.</doc>
<msg timestamp="20230909 12:05:59.292" level="INFO">${weekday_name} = Saturday</msg>
<status status="PASS" starttime="20230909 12:05:59.290" endtime="20230909 12:05:59.292"/>
</kw>
<kw name="Run Keyword Unless" library="BuiltIn">
<arg>'${weekday_name}' in @{Weekend}</arg>
<arg>Append To List</arg>
<arg>${week_days}</arg>
<arg>${date_without_time}</arg>
<doc>*DEPRECATED since RF 5.0. Use Native IF/ELSE or `Run Keyword If` instead.*</doc>
<msg timestamp="20230909 12:05:59.292" level="WARN">Keyword 'BuiltIn.Run Keyword Unless' is deprecated. </msg>
<status status="PASS" starttime="20230909 12:05:59.292" endtime="20230909 12:05:59.295"/>
</kw>
<status status="PASS" starttime="20230909 12:05:59.268" endtime="20230909 12:05:59.295"/>
</iter>
<iter>
<var name="${i}">1</var>
<kw name="Add Time To Date" library="DateTime">
<var>${date}</var>
<arg>${current_date}</arg>
<arg>${i} days</arg>
<doc>Adds time to date and returns the resulting date.</doc>
<msg timestamp="20230909 12:05:59.297" level="INFO">${date} = 2023-09-10 00:00:00.000</msg>
<status status="PASS" starttime="20230909 12:05:59.296" endtime="20230909 12:05:59.297"/>
</kw>
<kw name="Set Variable" library="BuiltIn">
<var>${date_without_time}</var>
<arg>${date}[0:10]</arg>
<doc>Returns the given values which can then be assigned to a variables.</doc>
<msg timestamp="20230909 12:05:59.298" level="INFO">${date_without_time} = 2023-09-10</msg>
<status status="PASS" starttime="20230909 12:05:59.298" endtime="20230909 12:05:59.298"/>
</kw>
<kw name="Evaluate" library="BuiltIn">
<var>${weekday_name}</var>
<arg>datetime.datetime.strptime("${date_without_time}", "%Y-%m-%d").strftime("%A")</arg>
<doc>Evaluates the given expression in Python and returns the result.</doc>
<msg timestamp="20230909 12:05:59.300" level="INFO">${weekday_name} = Sunday</msg>
<status status="PASS" starttime="20230909 12:05:59.299" endtime="20230909 12:05:59.300"/>
</kw>
<kw name="Run Keyword Unless" library="BuiltIn">
<arg>'${weekday_name}' in @{Weekend}</arg>
<arg>Append To List</arg>
<arg>${week_days}</arg>
<arg>${date_without_time}</arg>
<doc>*DEPRECATED since RF 5.0. Use Native IF/ELSE or `Run Keyword If` instead.*</doc>
<msg timestamp="20230909 12:05:59.301" level="WARN">Keyword 'BuiltIn.Run Keyword Unless' is deprecated. </msg>
<status status="PASS" starttime="20230909 12:05:59.301" endtime="20230909 12:05:59.303"/>
</kw>
<status status="PASS" starttime="20230909 12:05:59.295" endtime="20230909 12:05:59.303"/>
</iter>
<iter>
<var name="${i}">2</var>
<kw name="Add Time To Date" library="DateTime">
<var>${date}</var>
<arg>${current_date}</arg>
<arg>${i} days</arg>
<doc>Adds time to date and returns the resulting date.</doc>
<msg timestamp="20230909 12:05:59.306" level="INFO">${date} = 2023-09-11 00:00:00.000</msg>
<status status="PASS" starttime="20230909 12:05:59.304" endtime="20230909 12:05:59.306"/>
</kw>
<kw name="Set Variable" library="BuiltIn">
<var>${date_without_time}</var>
<arg>${date}[0:10]</arg>
<doc>Returns the given values which can then be assigned to a variables.</doc>
<msg timestamp="20230909 12:05:59.307" level="INFO">${date_without_time} = 2023-09-11</msg>
<status status="PASS" starttime="20230909 12:05:59.306" endtime="20230909 12:05:59.307"/>
</kw>
<kw name="Evaluate" library="BuiltIn">
<var>${weekday_name}</var>
<arg>datetime.datetime.strptime("${date_without_time}", "%Y-%m-%d").strftime("%A")</arg>
<doc>Evaluates the given expression in Python and returns the result.</doc>
<msg timestamp="20230909 12:05:59.309" level="INFO">${weekday_name} = Monday</msg>
<status status="PASS" starttime="20230909 12:05:59.308" endtime="20230909 12:05:59.309"/>
</kw>
<kw name="Run Keyword Unless" library="BuiltIn">
<arg>'${weekday_name}' in @{Weekend}</arg>
<arg>Append To List</arg>
<arg>${week_days}</arg>
<arg>${date_without_time}</arg>
<doc>*DEPRECATED since RF 5.0. Use Native IF/ELSE or `Run Keyword If` instead.*</doc>
<msg timestamp="20230909 12:05:59.310" level="WARN">Keyword 'BuiltIn.Run Keyword Unless' is deprecated. </msg>
<kw name="Append To List" library="Collections">
<arg>${week_days}</arg>
<arg>${date_without_time}</arg>
<doc>Adds ``values`` to the end of ``list``.</doc>
<status status="PASS" starttime="20230909 12:05:59.314" endtime="20230909 12:05:59.315"/>
</kw>
<status status="PASS" starttime="20230909 12:05:59.309" endtime="20230909 12:05:59.316"/>
</kw>
<status status="PASS" starttime="20230909 12:05:59.304" endtime="20230909 12:05:59.316"/>
</iter>
<iter>
<var name="${i}">3</var>
<kw name="Add Time To Date" library="DateTime">
<var>${date}</var>
<arg>${current_date}</arg>
<arg>${i} days</arg>
<doc>Adds time to date and returns the resulting date.</doc>
<msg timestamp="20230909 12:05:59.319" level="INFO">${date} = 2023-09-12 00:00:00.000</msg>
<status status="PASS" starttime="20230909 12:05:59.317" endtime="20230909 12:05:59.319"/>
</kw>
<kw name="Set Variable" library="BuiltIn">
<var>${date_without_time}</var>
<arg>${date}[0:10]</arg>
<doc>Returns the given values which can then be assigned to a variables.</doc>
<msg timestamp="20230909 12:05:59.319" level="INFO">${date_without_time} = 2023-09-12</msg>
<status status="PASS" starttime="20230909 12:05:59.319" endtime="20230909 12:05:59.320"/>
</kw>
<kw name="Evaluate" library="BuiltIn">
<var>${weekday_name}</var>
<arg>datetime.datetime.strptime("${date_without_time}", "%Y-%m-%d").strftime("%A")</arg>
<doc>Evaluates the given expression in Python and returns the result.</doc>
<msg timestamp="20230909 12:05:59.321" level="INFO">${weekday_name} = Tuesday</msg>
<status status="PASS" starttime="20230909 12:05:59.320" endtime="20230909 12:05:59.321"/>
</kw>
<kw name="Run Keyword Unless" library="BuiltIn">
<arg>'${weekday_name}' in @{Weekend}</arg>
<arg>Append To List</arg>
<arg>${week_days}</arg>
<arg>${date_without_time}</arg>
<doc>*DEPRECATED since RF 5.0. Use Native IF/ELSE or `Run Keyword If` instead.*</doc>
<msg timestamp="20230909 12:05:59.321" level="WARN">Keyword 'BuiltIn.Run Keyword Unless' is deprecated. </msg>
<kw name="Append To List" library="Collections">
<arg>${week_days}</arg>
<arg>${date_without_time}</arg>
<doc>Adds ``values`` to the end of ``list``.</doc>
<status status="PASS" starttime="20230909 12:05:59.324" endtime="20230909 12:05:59.325"/>
</kw>
<status status="PASS" starttime="20230909 12:05:59.321" endtime="20230909 12:05:59.325"/>
</kw>
<status status="PASS" starttime="20230909 12:05:59.316" endtime="20230909 12:05:59.325"/>
</iter>
<iter>
<var name="${i}">4</var>
<kw name="Add Time To Date" library="DateTime">
<var>${date}</var>
<arg>${current_date}</arg>
<arg>${i} days</arg>
<doc>Adds time to date and returns the resulting date.</doc>
<msg timestamp="20230909 12:05:59.327" level="INFO">${date} = 2023-09-13 00:00:00.000</msg>
<status status="PASS" starttime="20230909 12:05:59.326" endtime="20230909 12:05:59.327"/>
</kw>
<kw name="Set Variable" library="BuiltIn">
<var>${date_without_time}</var>
<arg>${date}[0:10]</arg>
<doc>Returns the given values which can then be assigned to a variables.</doc>
<msg timestamp="20230909 12:05:59.328" level="INFO">${date_without_time} = 2023-09-13</msg>
<status status="PASS" starttime="20230909 12:05:59.327" endtime="20230909 12:05:59.328"/>
</kw>
<kw name="Evaluate" library="BuiltIn">
<var>${weekday_name}</var>
<arg>datetime.datetime.strptime("${date_without_time}", "%Y-%m-%d").strftime("%A")</arg>
<doc>Evaluates the given expression in Python and returns the result.</doc>
<msg timestamp="20230909 12:05:59.329" level="INFO">${weekday_name} = Wednesday</msg>
<status status="PASS" starttime="20230909 12:05:59.328" endtime="20230909 12:05:59.329"/>
</kw>
<kw name="Run Keyword Unless" library="BuiltIn">
<arg>'${weekday_name}' in @{Weekend}</arg>
<arg>Append To List</arg>
<arg>${week_days}</arg>
<arg>${date_without_time}</arg>
<doc>*DEPRECATED since RF 5.0. Use Native IF/ELSE or `Run Keyword If` instead.*</doc>
<msg timestamp="20230909 12:05:59.330" level="WARN">Keyword 'BuiltIn.Run Keyword Unless' is deprecated. </msg>
<kw name="Append To List" library="Collections">
<arg>${week_days}</arg>
<arg>${date_without_time}</arg>
<doc>Adds ``values`` to the end of ``list``.</doc>
<status status="PASS" starttime="20230909 12:05:59.332" endtime="20230909 12:05:59.333"/>
</kw>
<status status="PASS" starttime="20230909 12:05:59.330" endtime="20230909 12:05:59.333"/>
</kw>
<status status="PASS" starttime="20230909 12:05:59.325" endtime="20230909 12:05:59.333"/>
</iter>
<iter>
<var name="${i}">5</var>
<kw name="Add Time To Date" library="DateTime">
<var>${date}</var>
<arg>${current_date}</arg>
<arg>${i} days</arg>
<doc>Adds time to date and returns the resulting date.</doc>
<msg timestamp="20230909 12:05:59.334" level="INFO">${date} = 2023-09-14 00:00:00.000</msg>
<status status="PASS" starttime="20230909 12:05:59.333" endtime="20230909 12:05:59.335"/>
</kw>
<kw name="Set Variable" library="BuiltIn">
<var>${date_without_time}</var>
<arg>${date}[0:10]</arg>
<doc>Returns the given values which can then be assigned to a variables.</doc>
<msg timestamp="20230909 12:05:59.335" level="INFO">${date_without_time} = 2023-09-14</msg>
<status status="PASS" starttime="20230909 12:05:59.335" endtime="20230909 12:05:59.335"/>
</kw>
<kw name="Evaluate" library="BuiltIn">
<var>${weekday_name}</var>
<arg>datetime.datetime.strptime("${date_without_time}", "%Y-%m-%d").strftime("%A")</arg>
<doc>Evaluates the given expression in Python and returns the result.</doc>
<msg timestamp="20230909 12:05:59.337" level="INFO">${weekday_name} = Thursday</msg>
<status status="PASS" starttime="20230909 12:05:59.336" endtime="20230909 12:05:59.337"/>
</kw>
<kw name="Run Keyword Unless" library="BuiltIn">
<arg>'${weekday_name}' in @{Weekend}</arg>
<arg>Append To List</arg>
<arg>${week_days}</arg>
<arg>${date_without_time}</arg>
<doc>*DEPRECATED since RF 5.0. Use Native IF/ELSE or `Run Keyword If` instead.*</doc>
<msg timestamp="20230909 12:05:59.337" level="WARN">Keyword 'BuiltIn.Run Keyword Unless' is deprecated. </msg>
<kw name="Append To List" library="Collections">
<arg>${week_days}</arg>
<arg>${date_without_time}</arg>
<doc>Adds ``values`` to the end of ``list``.</doc>
<status status="PASS" starttime="20230909 12:05:59.340" endtime="20230909 12:05:59.342"/>
</kw>
<status status="PASS" starttime="20230909 12:05:59.337" endtime="20230909 12:05:59.342"/>
</kw>
<status status="PASS" starttime="20230909 12:05:59.333" endtime="20230909 12:05:59.342"/>
</iter>
<iter>
<var name="${i}">6</var>
<kw name="Add Time To Date" library="DateTime">
<var>${date}</var>
<arg>${current_date}</arg>
<arg>${i} days</arg>
<doc>Adds time to date and returns the resulting date.</doc>
<msg timestamp="20230909 12:05:59.343" level="INFO">${date} = 2023-09-15 00:00:00.000</msg>
<status status="PASS" starttime="20230909 12:05:59.343" endtime="20230909 12:05:59.343"/>
</kw>
<kw name="Set Variable" library="BuiltIn">
<var>${date_without_time}</var>
<arg>${date}[0:10]</arg>
<doc>Returns the given values which can then be assigned to a variables.</doc>
<msg timestamp="20230909 12:05:59.344" level="INFO">${date_without_time} = 2023-09-15</msg>
<status status="PASS" starttime="20230909 12:05:59.344" endtime="20230909 12:05:59.344"/>
</kw>
<kw name="Evaluate" library="BuiltIn">
<var>${weekday_name}</var>
<arg>datetime.datetime.strptime("${date_without_time}", "%Y-%m-%d").strftime("%A")</arg>
<doc>Evaluates the given expression in Python and returns the result.</doc>
<msg timestamp="20230909 12:05:59.345" level="INFO">${weekday_name} = Friday</msg>
<status status="PASS" starttime="20230909 12:05:59.344" endtime="20230909 12:05:59.345"/>
</kw>
<kw name="Run Keyword Unless" library="BuiltIn">
<arg>'${weekday_name}' in @{Weekend}</arg>
<arg>Append To List</arg>
<arg>${week_days}</arg>
<arg>${date_without_time}</arg>
<doc>*DEPRECATED since RF 5.0. Use Native IF/ELSE or `Run Keyword If` instead.*</doc>
<msg timestamp="20230909 12:05:59.345" level="WARN">Keyword 'BuiltIn.Run Keyword Unless' is deprecated. </msg>
<kw name="Append To List" library="Collections">
<arg>${week_days}</arg>
<arg>${date_without_time}</arg>
<doc>Adds ``values`` to the end of ``list``.</doc>
<status status="PASS" starttime="20230909 12:05:59.348" endtime="20230909 12:05:59.349"/>
</kw>
<status status="PASS" starttime="20230909 12:05:59.345" endtime="20230909 12:05:59.349"/>
</kw>
<status status="PASS" starttime="20230909 12:05:59.342" endtime="20230909 12:05:59.349"/>
</iter>
<status status="PASS" starttime="20230909 12:05:59.267" endtime="20230909 12:05:59.350"/>
</for>
<kw name="Wait Until Element Is Visible" library="SeleniumLibrary">
<arg>${timesheet}</arg>
<doc>Waits until the element ``locator`` is visible.</doc>
<status status="PASS" starttime="20230909 12:05:59.350" endtime="20230909 12:05:59.375"/>
</kw>
<kw name="Click Element" library="SeleniumLibrary">
<arg>${timesheet}</arg>
<doc>Click the element identified by ``locator``.</doc>
<msg timestamp="20230909 12:05:59.377" level="INFO">Clicking element '//a[@href='/time-sheet']'.</msg>
<status status="PASS" starttime="20230909 12:05:59.375" endtime="20230909 12:05:59.682"/>
</kw>
<kw name="Sleep" library="BuiltIn">
<arg>2s</arg>
<doc>Pauses the test executed for the given time.</doc>
<msg timestamp="20230909 12:06:01.684" level="INFO">Slept 2 seconds</msg>
<status status="PASS" starttime="20230909 12:05:59.682" endtime="20230909 12:06:01.684"/>
</kw>
<for flavor="IN">
<var>${value}</var>
<value>@{weekdays}</value>
<iter>
<var name="${value}">2023-09-11</var>
<kw name="Set Variable" library="BuiltIn">
<var>${date_xpath1}</var>
<arg>xpath://td[@title='${value}']</arg>
<doc>Returns the given values which can then be assigned to a variables.</doc>
<msg timestamp="20230909 12:06:01.688" level="INFO">${date_xpath1} = xpath://td[@title='2023-09-11']</msg>
<status status="PASS" starttime="20230909 12:06:01.686" endtime="20230909 12:06:01.688"/>
</kw>
<kw name="Wait Until Element Is Visible" library="SeleniumLibrary">
<arg>${addtask}</arg>
<doc>Waits until the element ``locator`` is visible.</doc>
<status status="PASS" starttime="20230909 12:06:01.688" endtime="20230909 12:06:03.399"/>
</kw>
<kw name="Click Element" library="SeleniumLibrary">
<arg>${addtask}</arg>
<doc>Click the element identified by ``locator``.</doc>
<msg timestamp="20230909 12:06:03.400" level="INFO">Clicking element '//button[@class='ant-btn ant-btn-round ant-btn-primary ant-btn-lg MyButton__primary']//img'.</msg>
<status status="PASS" starttime="20230909 12:06:03.399" endtime="20230909 12:06:03.770"/>
</kw>
<kw name="Sleep" library="BuiltIn">
<arg>5s</arg>
<doc>Pauses the test executed for the given time.</doc>
<msg timestamp="20230909 12:06:08.778" level="INFO">Slept 5 seconds</msg>
<status status="PASS" starttime="20230909 12:06:03.771" endtime="20230909 12:06:08.778"/>
</kw>
<kw name="Click Element" library="SeleniumLibrary">
<arg>${calendar}</arg>
<doc>Click the element identified by ``locator``.</doc>
<msg timestamp="20230909 12:06:08.778" level="INFO">Clicking element '//input[@id='basic_dates']'.</msg>
<status status="PASS" starttime="20230909 12:06:08.778" endtime="20230909 12:06:09.123"/>
</kw>
<kw name="Sleep" library="BuiltIn">
<arg>7s</arg>
<doc>Pauses the test executed for the given time.</doc>
<msg timestamp="20230909 12:06:16.124" level="INFO">Slept 7 seconds</msg>
<status status="PASS" starttime="20230909 12:06:09.123" endtime="20230909 12:06:16.124"/>
</kw>
<kw name="Click Element" library="SeleniumLibrary">
<arg>${date_xpath1}</arg>
<doc>Click the element identified by ``locator``.</doc>
<msg timestamp="20230909 12:06:16.124" level="INFO">Clicking element 'xpath://td[@title='2023-09-11']'.</msg>
<status status="PASS" starttime="20230909 12:06:16.124" endtime="20230909 12:06:16.429"/>
</kw>
<kw name="Sleep" library="BuiltIn">
<arg>5s</arg>
<doc>Pauses the test executed for the given time.</doc>
<msg timestamp="20230909 12:06:21.445" level="INFO">Slept 5 seconds</msg>
<status status="PASS" starttime="20230909 12:06:16.429" endtime="20230909 12:06:21.445"/>
</kw>
<kw name="Click Element" library="SeleniumLibrary">
<arg>${date_xpath1}</arg>
<doc>Click the element identified by ``locator``.</doc>
<msg timestamp="20230909 12:06:21.446" level="INFO">Clicking element 'xpath://td[@title='2023-09-11']'.</msg>
<status status="PASS" starttime="20230909 12:06:21.446" endtime="20230909 12:06:21.857"/>
</kw>
<kw name="Sleep" library="BuiltIn">
<arg>5s</arg>
<doc>Pauses the test executed for the given time.</doc>
<msg timestamp="20230909 12:06:26.858" level="INFO">Slept 5 seconds</msg>
<status status="PASS" starttime="20230909 12:06:21.857" endtime="20230909 12:06:26.858"/>
</kw>
<kw name="Press Keys" library="SeleniumLibrary">
<arg>${select_start_time}</arg>
<arg>9:00 am</arg>
<doc>Simulates the user pressing key(s) to an element or on the active browser.</doc>
<msg timestamp="20230909 12:06:26.858" level="INFO">Sending key(s) ('9:00 am',) to //div[1]/div/div/div[2]/div/div/div/div/span[2] element.</msg>
<msg timestamp="20230909 12:06:27.194" level="INFO">Sending keys 9:00 am</msg>
<status status="PASS" starttime="20230909 12:06:26.858" endtime="20230909 12:06:27.257"/>
</kw>
<kw name="Sleep" library="BuiltIn">
<arg>6s</arg>
<doc>Pauses the test executed for the given time.</doc>
<msg timestamp="20230909 12:06:33.268" level="INFO">Slept 6 seconds</msg>
<status status="PASS" starttime="20230909 12:06:27.257" endtime="20230909 12:06:33.268"/>
</kw>
<kw name="Click Element" library="SeleniumLibrary">
<arg>${select_start_time1}</arg>
<doc>Click the element identified by ``locator``.</doc>
<msg timestamp="20230909 12:06:33.268" level="INFO">Clicking element '//div[@class='ant-select-item-option-content'][normalize-space()='9:00 am']'.</msg>
<status status="PASS" starttime="20230909 12:06:33.268" endtime="20230909 12:06:33.538"/>
</kw>
<kw name="Sleep" library="BuiltIn">
<arg>6s</arg>
<doc>Pauses the test executed for the given time.</doc>
<msg timestamp="20230909 12:06:39.551" level="INFO">Slept 6 seconds</msg>
<status status="PASS" starttime="20230909 12:06:33.538" endtime="20230909 12:06:39.551"/>
</kw>
<kw name="Press Keys" library="SeleniumLibrary">
<arg>${select_end_time}</arg>
<arg>6:00 pm</arg>
<doc>Simulates the user pressing key(s) to an element or on the active browser.</doc>
<msg timestamp="20230909 12:06:39.551" level="INFO">Sending key(s) ('6:00 pm',) to //div[2]/div/div/div[2]/div/div/div/div/span[2] element.</msg>
<msg timestamp="20230909 12:06:39.883" level="INFO">Sending keys 6:00 pm</msg>
<status status="PASS" starttime="20230909 12:06:39.551" endtime="20230909 12:06:39.963"/>
</kw>
<kw name="Sleep" library="BuiltIn">
<arg>5s</arg>
<doc>Pauses the test executed for the given time.</doc>
<msg timestamp="20230909 12:06:44.978" level="INFO">Slept 5 seconds</msg>
<status status="PASS" starttime="20230909 12:06:39.963" endtime="20230909 12:06:44.978"/>
</kw>
<kw name="Click Element" library="SeleniumLibrary">
<arg>${select_end_time1}</arg>
<doc>Click the element identified by ``locator``.</doc>
<msg timestamp="20230909 12:06:44.978" level="INFO">Clicking element '//div[@class='ant-select-item-option-content'][normalize-space()='6:00 pm']'.</msg>
<status status="PASS" starttime="20230909 12:06:44.978" endtime="20230909 12:06:45.249"/>
</kw>
<kw name="Sleep" library="BuiltIn">
<arg>2s</arg>
<doc>Pauses the test executed for the given time.</doc>
<msg timestamp="20230909 12:06:47.264" level="INFO">Slept 2 seconds</msg>
<status status="PASS" starttime="20230909 12:06:45.249" endtime="20230909 12:06:47.264"/>
</kw>
<kw name="Press Keys" library="SeleniumLibrary">
<arg>${select_project}</arg>
<arg>Rampup_Software Services</arg>
<doc>Simulates the user pressing key(s) to an element or on the active browser.</doc>
<msg timestamp="20230909 12:06:47.264" level="INFO">Sending key(s) ('Rampup_Software Services',) to //*[@id="basic_tasks_0_projectId"] element.</msg>
<msg timestamp="20230909 12:06:47.568" level="INFO">Sending keys Rampup_Software Services</msg>
<status status="PASS" starttime="20230909 12:06:47.264" endtime="20230909 12:06:47.784"/>
</kw>
<kw name="Sleep" library="BuiltIn">
<arg>2s</arg>
<doc>Pauses the test executed for the given time.</doc>
<msg timestamp="20230909 12:06:49.784" level="INFO">Slept 2 seconds</msg>
<status status="PASS" starttime="20230909 12:06:47.784" endtime="20230909 12:06:49.784"/>
</kw>
<kw name="Click Element" library="SeleniumLibrary">
<arg>${select_project_name}</arg>
<doc>Click the element identified by ``locator``.</doc>
<msg timestamp="20230909 12:06:49.784" level="INFO">Clicking element '//div[contains(text(),'Rampup_Software Services - Terralogic')]'.</msg>
<status status="PASS" starttime="20230909 12:06:49.784" endtime="20230909 12:06:50.101"/>
</kw>
<kw name="Sleep" library="BuiltIn">
<arg>2s</arg>
<doc>Pauses the test executed for the given time.</doc>
<msg timestamp="20230909 12:06:52.115" level="INFO">Slept 2 seconds</msg>
<status status="PASS" starttime="20230909 12:06:50.101" endtime="20230909 12:06:52.115"/>
</kw>
<kw name="Input Text" library="SeleniumLibrary">
<arg>${task_name}</arg>
<arg>${task_name_value}</arg>
<doc>Types the given ``text`` into the text field identified by ``locator``.</doc>
<msg timestamp="20230909 12:06:52.115" level="INFO">Typing text 'Robot framework' into text field '//*[@id="basic_tasks_0_taskName"]'.</msg>
<status status="PASS" starttime="20230909 12:06:52.115" endtime="20230909 12:06:52.465"/>
</kw>
<kw name="Sleep" library="BuiltIn">
<arg>2s</arg>
<doc>Pauses the test executed for the given time.</doc>
<msg timestamp="20230909 12:06:54.478" level="INFO">Slept 2 seconds</msg>
<status status="PASS" starttime="20230909 12:06:52.465" endtime="20230909 12:06:54.479"/>
</kw>
<kw name="Input Text" library="SeleniumLibrary">
<arg>${description}</arg>
<arg>${description_value}</arg>
<doc>Types the given ``text`` into the text field identified by ``locator``.</doc>
<msg timestamp="20230909 12:06:54.479" level="INFO">Typing text 'Valuating Test cases' into text field '//*[@id="basic_tasks_0_notes"]'.</msg>
<status status="PASS" starttime="20230909 12:06:54.479" endtime="20230909 12:06:54.984"/>
</kw>
<kw name="Sleep" library="BuiltIn">
<arg>2s</arg>
<doc>Pauses the test executed for the given time.</doc>
<msg timestamp="20230909 12:06:56.997" level="INFO">Slept 2 seconds</msg>
<status status="PASS" starttime="20230909 12:06:54.984" endtime="20230909 12:06:56.997"/>
</kw>
<kw name="Click Element" library="SeleniumLibrary">
<arg>${submit}</arg>
<doc>Click the element identified by ``locator``.</doc>
<msg timestamp="20230909 12:06:56.997" level="INFO">Clicking element '//button[@type='submit']'.</msg>
<status status="PASS" starttime="20230909 12:06:56.997" endtime="20230909 12:06:57.298"/>
</kw>
<kw name="Sleep" library="BuiltIn">
<arg>10s</arg>
<doc>Pauses the test executed for the given time.</doc>
<msg timestamp="20230909 12:07:07.299" level="INFO">Slept 10 seconds</msg>
<status status="PASS" starttime="20230909 12:06:57.298" endtime="20230909 12:07:07.299"/>
</kw>
<status status="PASS" starttime="20230909 12:06:01.686" endtime="20230909 12:07:07.299"/>
</iter>
<iter>
<var name="${value}">2023-09-12</var>
<kw name="Set Variable" library="BuiltIn">
<var>${date_xpath1}</var>
<arg>xpath://td[@title='${value}']</arg>
<doc>Returns the given values which can then be assigned to a variables.</doc>
<msg timestamp="20230909 12:07:07.299" level="INFO">${date_xpath1} = xpath://td[@title='2023-09-12']</msg>
<status status="PASS" starttime="20230909 12:07:07.299" endtime="20230909 12:07:07.299"/>
</kw>
<kw name="Wait Until Element Is Visible" library="SeleniumLibrary">
<arg>${addtask}</arg>
<doc>Waits until the element ``locator`` is visible.</doc>
<status status="PASS" starttime="20230909 12:07:07.299" endtime="20230909 12:07:07.316"/>
</kw>
<kw name="Click Element" library="SeleniumLibrary">
<arg>${addtask}</arg>
<doc>Click the element identified by ``locator``.</doc>
<msg timestamp="20230909 12:07:07.316" level="INFO">Clicking element '//button[@class='ant-btn ant-btn-round ant-btn-primary ant-btn-lg MyButton__primary']//img'.</msg>
<status status="PASS" starttime="20230909 12:07:07.316" endtime="20230909 12:07:07.631"/>
</kw>
<kw name="Sleep" library="BuiltIn">
<arg>5s</arg>
<doc>Pauses the test executed for the given time.</doc>
<msg timestamp="20230909 12:07:12.643" level="INFO">Slept 5 seconds</msg>
<status status="PASS" starttime="20230909 12:07:07.631" endtime="20230909 12:07:12.643"/>
</kw>
<kw name="Click Element" library="SeleniumLibrary">
<arg>${calendar}</arg>
<doc>Click the element identified by ``locator``.</doc>
<msg timestamp="20230909 12:07:12.643" level="INFO">Clicking element '//input[@id='basic_dates']'.</msg>
<status status="PASS" starttime="20230909 12:07:12.643" endtime="20230909 12:07:12.975"/>
</kw>
<kw name="Sleep" library="BuiltIn">
<arg>7s</arg>
<doc>Pauses the test executed for the given time.</doc>
<msg timestamp="20230909 12:07:19.980" level="INFO">Slept 7 seconds</msg>
<status status="PASS" starttime="20230909 12:07:12.975" endtime="20230909 12:07:19.980"/>
</kw>
<kw name="Click Element" library="SeleniumLibrary">
<arg>${date_xpath1}</arg>
<doc>Click the element identified by ``locator``.</doc>
<msg timestamp="20230909 12:07:19.980" level="INFO">Clicking element 'xpath://td[@title='2023-09-12']'.</msg>
<status status="PASS" starttime="20230909 12:07:19.980" endtime="20230909 12:07:20.297"/>
</kw>
<kw name="Sleep" library="BuiltIn">
<arg>5s</arg>
<doc>Pauses the test executed for the given time.</doc>
<msg timestamp="20230909 12:07:25.310" level="INFO">Slept 5 seconds</msg>
<status status="PASS" starttime="20230909 12:07:20.297" endtime="20230909 12:07:25.310"/>
</kw>
<kw name="Click Element" library="SeleniumLibrary">
<arg>${date_xpath1}</arg>
<doc>Click the element identified by ``locator``.</doc>
<msg timestamp="20230909 12:07:25.310" level="INFO">Clicking element 'xpath://td[@title='2023-09-12']'.</msg>
<status status="PASS" starttime="20230909 12:07:25.310" endtime="20230909 12:07:25.659"/>
</kw>
<kw name="Sleep" library="BuiltIn">
<arg>5s</arg>
<doc>Pauses the test executed for the given time.</doc>
<msg timestamp="20230909 12:07:30.663" level="INFO">Slept 5 seconds</msg>
<status status="PASS" starttime="20230909 12:07:25.659" endtime="20230909 12:07:30.663"/>
</kw>
<kw name="Press Keys" library="SeleniumLibrary">
<arg>${select_start_time}</arg>
<arg>9:00 am</arg>
<doc>Simulates the user pressing key(s) to an element or on the active browser.</doc>
<msg timestamp="20230909 12:07:30.663" level="INFO">Sending key(s) ('9:00 am',) to //div[1]/div/div/div[2]/div/div/div/div/span[2] element.</msg>
<msg timestamp="20230909 12:07:30.978" level="INFO">Sending keys 9:00 am</msg>
<status status="PASS" starttime="20230909 12:07:30.663" endtime="20230909 12:07:31.078"/>
</kw>
<kw name="Sleep" library="BuiltIn">
<arg>6s</arg>
<doc>Pauses the test executed for the given time.</doc>
<msg timestamp="20230909 12:07:37.078" level="INFO">Slept 6 seconds</msg>
<status status="PASS" starttime="20230909 12:07:31.078" endtime="20230909 12:07:37.078"/>
</kw>
<kw name="Click Element" library="SeleniumLibrary">
<arg>${select_start_time1}</arg>
<doc>Click the element identified by ``locator``.</doc>
<msg timestamp="20230909 12:07:37.078" level="INFO">Clicking element '//div[@class='ant-select-item-option-content'][normalize-space()='9:00 am']'.</msg>
<status status="PASS" starttime="20230909 12:07:37.078" endtime="20230909 12:07:37.363"/>
</kw>
<kw name="Sleep" library="BuiltIn">
<arg>6s</arg>
<doc>Pauses the test executed for the given time.</doc>
<msg timestamp="20230909 12:07:43.364" level="INFO">Slept 6 seconds</msg>
<status status="PASS" starttime="20230909 12:07:37.363" endtime="20230909 12:07:43.364"/>
</kw>
<kw name="Press Keys" library="SeleniumLibrary">
<arg>${select_end_time}</arg>
<arg>6:00 pm</arg>
<doc>Simulates the user pressing key(s) to an element or on the active browser.</doc>
<msg timestamp="20230909 12:07:43.364" level="INFO">Sending key(s) ('6:00 pm',) to //div[2]/div/div/div[2]/div/div/div/div/span[2] element.</msg>
<msg timestamp="20230909 12:07:43.685" level="INFO">Sending keys 6:00 pm</msg>
<status status="PASS" starttime="20230909 12:07:43.364" endtime="20230909 12:07:43.767"/>
</kw>
<kw name="Sleep" library="BuiltIn">
<arg>5s</arg>
<doc>Pauses the test executed for the given time.</doc>
<msg timestamp="20230909 12:07:48.779" level="INFO">Slept 5 seconds</msg>
<status status="PASS" starttime="20230909 12:07:43.767" endtime="20230909 12:07:48.779"/>
</kw>
<kw name="Click Element" library="SeleniumLibrary">
<arg>${select_end_time1}</arg>
<doc>Click the element identified by ``locator``.</doc>
<msg timestamp="20230909 12:07:48.779" level="INFO">Clicking element '//div[@class='ant-select-item-option-content'][normalize-space()='6:00 pm']'.</msg>
<status status="PASS" starttime="20230909 12:07:48.779" endtime="20230909 12:07:49.051"/>
</kw>
<kw name="Sleep" library="BuiltIn">
<arg>2s</arg>
<doc>Pauses the test executed for the given time.</doc>
<msg timestamp="20230909 12:07:51.061" level="INFO">Slept 2 seconds</msg>
<status status="PASS" starttime="20230909 12:07:49.051" endtime="20230909 12:07:51.061"/>
</kw>
<kw name="Press Keys" library="SeleniumLibrary">
<arg>${select_project}</arg>
<arg>Rampup_Software Services</arg>
<doc>Simulates the user pressing key(s) to an element or on the active browser.</doc>
<msg timestamp="20230909 12:07:51.062" level="INFO">Sending key(s) ('Rampup_Software Services',) to //*[@id="basic_tasks_0_projectId"] element.</msg>
<msg timestamp="20230909 12:07:51.365" level="INFO">Sending keys Rampup_Software Services</msg>
<status status="PASS" starttime="20230909 12:07:51.062" endtime="20230909 12:07:51.522"/>
</kw>
<kw name="Sleep" library="BuiltIn">
<arg>2s</arg>
<doc>Pauses the test executed for the given time.</doc>
<msg timestamp="20230909 12:07:53.531" level="INFO">Slept 2 seconds</msg>
<status status="PASS" starttime="20230909 12:07:51.530" endtime="20230909 12:07:53.531"/>
</kw>
<kw name="Click Element" library="SeleniumLibrary">
<arg>${select_project_name}</arg>
<doc>Click the element identified by ``locator``.</doc>
<msg timestamp="20230909 12:07:53.532" level="INFO">Clicking element '//div[contains(text(),'Rampup_Software Services - Terralogic')]'.</msg>
<status status="PASS" starttime="20230909 12:07:53.532" endtime="20230909 12:07:53.785"/>
</kw>
<kw name="Sleep" library="BuiltIn">
<arg>2s</arg>
<doc>Pauses the test executed for the given time.</doc>
<msg timestamp="20230909 12:07:55.799" level="INFO">Slept 2 seconds</msg>
<status status="PASS" starttime="20230909 12:07:53.785" endtime="20230909 12:07:55.799"/>
</kw>
<kw name="Input Text" library="SeleniumLibrary">
<arg>${task_name}</arg>
<arg>${task_name_value}</arg>
<doc>Types the given ``text`` into the text field identified by ``locator``.</doc>
<msg timestamp="20230909 12:07:55.799" level="INFO">Typing text 'Robot framework' into text field '//*[@id="basic_tasks_0_taskName"]'.</msg>
<status status="PASS" starttime="20230909 12:07:55.799" endtime="20230909 12:07:56.188"/>
</kw>
<kw name="Sleep" library="BuiltIn">
<arg>2s</arg>
<doc>Pauses the test executed for the given time.</doc>
<msg timestamp="20230909 12:07:58.195" level="INFO">Slept 2 seconds</msg>
<status status="PASS" starttime="20230909 12:07:56.188" endtime="20230909 12:07:58.195"/>
</kw>
<kw name="Input Text" library="SeleniumLibrary">
<arg>${description}</arg>
<arg>${description_value}</arg>
<doc>Types the given ``text`` into the text field identified by ``locator``.</doc>
<msg timestamp="20230909 12:07:58.195" level="INFO">Typing text 'Valuating Test cases' into text field '//*[@id="basic_tasks_0_notes"]'.</msg>
<status status="PASS" starttime="20230909 12:07:58.195" endtime="20230909 12:07:58.673"/>
</kw>
<kw name="Sleep" library="BuiltIn">
<arg>2s</arg>
<doc>Pauses the test executed for the given time.</doc>
<msg timestamp="20230909 12:08:00.681" level="INFO">Slept 2 seconds</msg>
<status status="PASS" starttime="20230909 12:07:58.673" endtime="20230909 12:08:00.681"/>
</kw>
<kw name="Click Element" library="SeleniumLibrary">
<arg>${submit}</arg>
<doc>Click the element identified by ``locator``.</doc>
<msg timestamp="20230909 12:08:00.681" level="INFO">Clicking element '//button[@type='submit']'.</msg>
<status status="PASS" starttime="20230909 12:08:00.681" endtime="20230909 12:08:01.032"/>
</kw>
<kw name="Sleep" library="BuiltIn">
<arg>10s</arg>
<doc>Pauses the test executed for the given time.</doc>
<msg timestamp="20230909 12:08:11.037" level="INFO">Slept 10 seconds</msg>
<status status="PASS" starttime="20230909 12:08:01.032" endtime="20230909 12:08:11.037"/>
</kw>
<status status="PASS" starttime="20230909 12:07:07.299" endtime="20230909 12:08:11.037"/>
</iter>
<iter>
<var name="${value}">2023-09-13</var>
<kw name="Set Variable" library="BuiltIn">
<var>${date_xpath1}</var>
<arg>xpath://td[@title='${value}']</arg>
<doc>Returns the given values which can then be assigned to a variables.</doc>
<msg timestamp="20230909 12:08:11.037" level="INFO">${date_xpath1} = xpath://td[@title='2023-09-13']</msg>
<status status="PASS" starttime="20230909 12:08:11.037" endtime="20230909 12:08:11.037"/>
</kw>
<kw name="Wait Until Element Is Visible" library="SeleniumLibrary">
<arg>${addtask}</arg>
<doc>Waits until the element ``locator`` is visible.</doc>
<status status="PASS" starttime="20230909 12:08:11.037" endtime="20230909 12:08:11.062"/>
</kw>
<kw name="Click Element" library="SeleniumLibrary">
<arg>${addtask}</arg>
<doc>Click the element identified by ``locator``.</doc>
<msg timestamp="20230909 12:08:11.062" level="INFO">Clicking element '//button[@class='ant-btn ant-btn-round ant-btn-primary ant-btn-lg MyButton__primary']//img'.</msg>
<status status="PASS" starttime="20230909 12:08:11.062" endtime="20230909 12:08:11.353"/>
</kw>
<kw name="Sleep" library="BuiltIn">
<arg>5s</arg>
<doc>Pauses the test executed for the given time.</doc>
<msg timestamp="20230909 12:08:16.359" level="INFO">Slept 5 seconds</msg>
<status status="PASS" starttime="20230909 12:08:11.353" endtime="20230909 12:08:16.359"/>
</kw>
<kw name="Click Element" library="SeleniumLibrary">
<arg>${calendar}</arg>
<doc>Click the element identified by ``locator``.</doc>
<msg timestamp="20230909 12:08:16.362" level="INFO">Clicking element '//input[@id='basic_dates']'.</msg>
<status status="PASS" starttime="20230909 12:08:16.359" endtime="20230909 12:08:16.724"/>
</kw>
<kw name="Sleep" library="BuiltIn">
<arg>7s</arg>
<doc>Pauses the test executed for the given time.</doc>
<msg timestamp="20230909 12:08:23.736" level="INFO">Slept 7 seconds</msg>
<status status="PASS" starttime="20230909 12:08:16.724" endtime="20230909 12:08:23.736"/>
</kw>
<kw name="Click Element" library="SeleniumLibrary">
<arg>${date_xpath1}</arg>
<doc>Click the element identified by ``locator``.</doc>
<msg timestamp="20230909 12:08:23.736" level="INFO">Clicking element 'xpath://td[@title='2023-09-13']'.</msg>
<status status="PASS" starttime="20230909 12:08:23.736" endtime="20230909 12:08:24.040"/>
</kw>
<kw name="Sleep" library="BuiltIn">
<arg>5s</arg>
<doc>Pauses the test executed for the given time.</doc>
<msg timestamp="20230909 12:08:29.054" level="INFO">Slept 5 seconds</msg>
<status status="PASS" starttime="20230909 12:08:24.040" endtime="20230909 12:08:29.054"/>
</kw>
<kw name="Click Element" library="SeleniumLibrary">
<arg>${date_xpath1}</arg>
<doc>Click the element identified by ``locator``.</doc>
<msg timestamp="20230909 12:08:29.056" level="INFO">Clicking element 'xpath://td[@title='2023-09-13']'.</msg>
<status status="PASS" starttime="20230909 12:08:29.056" endtime="20230909 12:08:29.403"/>
</kw>
<kw name="Sleep" library="BuiltIn">
<arg>5s</arg>
<doc>Pauses the test executed for the given time.</doc>
<msg timestamp="20230909 12:08:34.409" level="INFO">Slept 5 seconds</msg>
<status status="PASS" starttime="20230909 12:08:29.405" endtime="20230909 12:08:34.409"/>
</kw>
<kw name="Press Keys" library="SeleniumLibrary">
<arg>${select_start_time}</arg>
<arg>9:00 am</arg>
<doc>Simulates the user pressing key(s) to an element or on the active browser.</doc>
<msg timestamp="20230909 12:08:34.409" level="INFO">Sending key(s) ('9:00 am',) to //div[1]/div/div/div[2]/div/div/div/div/span[2] element.</msg>
<msg timestamp="20230909 12:08:34.765" level="INFO">Sending keys 9:00 am</msg>
<status status="PASS" starttime="20230909 12:08:34.409" endtime="20230909 12:08:34.885"/>
</kw>
<kw name="Sleep" library="BuiltIn">
<arg>6s</arg>
<doc>Pauses the test executed for the given time.</doc>
<msg timestamp="20230909 12:08:40.891" level="INFO">Slept 6 seconds</msg>
<status status="PASS" starttime="20230909 12:08:34.885" endtime="20230909 12:08:40.891"/>
</kw>
<kw name="Click Element" library="SeleniumLibrary">
<arg>${select_start_time1}</arg>
<doc>Click the element identified by ``locator``.</doc>
<msg timestamp="20230909 12:08:40.891" level="INFO">Clicking element '//div[@class='ant-select-item-option-content'][normalize-space()='9:00 am']'.</msg>
<status status="PASS" starttime="20230909 12:08:40.891" endtime="20230909 12:08:41.176"/>
</kw>
<kw name="Sleep" library="BuiltIn">
<arg>6s</arg>
<doc>Pauses the test executed for the given time.</doc>
<msg timestamp="20230909 12:08:47.186" level="INFO">Slept 6 seconds</msg>
<status status="PASS" starttime="20230909 12:08:41.176" endtime="20230909 12:08:47.186"/>
</kw>
<kw name="Press Keys" library="SeleniumLibrary">
<arg>${select_end_time}</arg>
<arg>6:00 pm</arg>
<doc>Simulates the user pressing key(s) to an element or on the active browser.</doc>
<msg timestamp="20230909 12:08:47.187" level="INFO">Sending key(s) ('6:00 pm',) to //div[2]/div/div/div[2]/div/div/div/div/span[2] element.</msg>
<msg timestamp="20230909 12:08:47.497" level="INFO">Sending keys 6:00 pm</msg>
<status status="PASS" starttime="20230909 12:08:47.187" endtime="20230909 12:08:47.569"/>
</kw>
<kw name="Sleep" library="BuiltIn">
<arg>5s</arg>
<doc>Pauses the test executed for the given time.</doc>
<msg timestamp="20230909 12:08:52.574" level="INFO">Slept 5 seconds</msg>
<status status="PASS" starttime="20230909 12:08:47.569" endtime="20230909 12:08:52.574"/>
</kw>
<kw name="Click Element" library="SeleniumLibrary">
<arg>${select_end_time1}</arg>
<doc>Click the element identified by ``locator``.</doc>
<msg timestamp="20230909 12:08:52.574" level="INFO">Clicking element '//div[@class='ant-select-item-option-content'][normalize-space()='6:00 pm']'.</msg>
<status status="PASS" starttime="20230909 12:08:52.574" endtime="20230909 12:08:52.843"/>
</kw>
<kw name="Sleep" library="BuiltIn">
<arg>2s</arg>
<doc>Pauses the test executed for the given time.</doc>
<msg timestamp="20230909 12:08:54.851" level="INFO">Slept 2 seconds</msg>
<status status="PASS" starttime="20230909 12:08:52.843" endtime="20230909 12:08:54.851"/>
</kw>
<kw name="Press Keys" library="SeleniumLibrary">
<arg>${select_project}</arg>
<arg>Rampup_Software Services</arg>
<doc>Simulates the user pressing key(s) to an element or on the active browser.</doc>
<msg timestamp="20230909 12:08:54.851" level="INFO">Sending key(s) ('Rampup_Software Services',) to //*[@id="basic_tasks_0_projectId"] element.</msg>
<msg timestamp="20230909 12:08:55.153" level="INFO">Sending keys Rampup_Software Services</msg>
<status status="PASS" starttime="20230909 12:08:54.851" endtime="20230909 12:08:55.373"/>
</kw>
<kw name="Sleep" library="BuiltIn">
<arg>2s</arg>
<doc>Pauses the test executed for the given time.</doc>
<msg timestamp="20230909 12:08:57.378" level="INFO">Slept 2 seconds</msg>
<status status="PASS" starttime="20230909 12:08:55.373" endtime="20230909 12:08:57.378"/>
</kw>
<kw name="Click Element" library="SeleniumLibrary">
<arg>${select_project_name}</arg>
<doc>Click the element identified by ``locator``.</doc>
<msg timestamp="20230909 12:08:57.378" level="INFO">Clicking element '//div[contains(text(),'Rampup_Software Services - Terralogic')]'.</msg>
<status status="PASS" starttime="20230909 12:08:57.378" endtime="20230909 12:08:57.646"/>
</kw>
<kw name="Sleep" library="BuiltIn">
<arg>2s</arg>
<doc>Pauses the test executed for the given time.</doc>
<msg timestamp="20230909 12:08:59.659" level="INFO">Slept 2 seconds</msg>
<status status="PASS" starttime="20230909 12:08:57.646" endtime="20230909 12:08:59.659"/>
</kw>
<kw name="Input Text" library="SeleniumLibrary">
<arg>${task_name}</arg>
<arg>${task_name_value}</arg>
<doc>Types the given ``text`` into the text field identified by ``locator``.</doc>
<msg timestamp="20230909 12:08:59.659" level="INFO">Typing text 'Robot framework' into text field '//*[@id="basic_tasks_0_taskName"]'.</msg>
<status status="PASS" starttime="20230909 12:08:59.659" endtime="20230909 12:09:00.053"/>
</kw>
<kw name="Sleep" library="BuiltIn">
<arg>2s</arg>
<doc>Pauses the test executed for the given time.</doc>
<msg timestamp="20230909 12:09:02.066" level="INFO">Slept 2 seconds</msg>
<status status="PASS" starttime="20230909 12:09:00.053" endtime="20230909 12:09:02.066"/>
</kw>
<kw name="Input Text" library="SeleniumLibrary">
<arg>${description}</arg>
<arg>${description_value}</arg>
<doc>Types the given ``text`` into the text field identified by ``locator``.</doc>
<msg timestamp="20230909 12:09:02.066" level="INFO">Typing text 'Valuating Test cases' into text field '//*[@id="basic_tasks_0_notes"]'.</msg>
<status status="PASS" starttime="20230909 12:09:02.066" endtime="20230909 12:09:02.492"/>
</kw>
<kw name="Sleep" library="BuiltIn">
<arg>2s</arg>
<doc>Pauses the test executed for the given time.</doc>
<msg timestamp="20230909 12:09:04.506" level="INFO">Slept 2 seconds</msg>
<status status="PASS" starttime="20230909 12:09:02.492" endtime="20230909 12:09:04.506"/>
</kw>
<kw name="Click Element" library="SeleniumLibrary">
<arg>${submit}</arg>
<doc>Click the element identified by ``locator``.</doc>
<msg timestamp="20230909 12:09:04.506" level="INFO">Clicking element '//button[@type='submit']'.</msg>
<status status="PASS" starttime="20230909 12:09:04.506" endtime="20230909 12:09:04.855"/>
</kw>
<kw name="Sleep" library="BuiltIn">
<arg>10s</arg>
<doc>Pauses the test executed for the given time.</doc>
<msg timestamp="20230909 12:09:14.870" level="INFO">Slept 10 seconds</msg>
<status status="PASS" starttime="20230909 12:09:04.855" endtime="20230909 12:09:14.870"/>
</kw>
<status status="PASS" starttime="20230909 12:08:11.037" endtime="20230909 12:09:14.870"/>
</iter>
<iter>
<var name="${value}">2023-09-14</var>
<kw name="Set Variable" library="BuiltIn">
<var>${date_xpath1}</var>
<arg>xpath://td[@title='${value}']</arg>
<doc>Returns the given values which can then be assigned to a variables.</doc>
<msg timestamp="20230909 12:09:14.870" level="INFO">${date_xpath1} = xpath://td[@title='2023-09-14']</msg>
<status status="PASS" starttime="20230909 12:09:14.870" endtime="20230909 12:09:14.870"/>
</kw>
<kw name="Wait Until Element Is Visible" library="SeleniumLibrary">
<arg>${addtask}</arg>
<doc>Waits until the element ``locator`` is visible.</doc>
<status status="PASS" starttime="20230909 12:09:14.870" endtime="20230909 12:09:14.894"/>
</kw>
<kw name="Click Element" library="SeleniumLibrary">
<arg>${addtask}</arg>
<doc>Click the element identified by ``locator``.</doc>
<msg timestamp="20230909 12:09:14.894" level="INFO">Clicking element '//button[@class='ant-btn ant-btn-round ant-btn-primary ant-btn-lg MyButton__primary']//img'.</msg>
<status status="PASS" starttime="20230909 12:09:14.894" endtime="20230909 12:09:15.189"/>
</kw>
<kw name="Sleep" library="BuiltIn">
<arg>5s</arg>
<doc>Pauses the test executed for the given time.</doc>
<msg timestamp="20230909 12:09:20.197" level="INFO">Slept 5 seconds</msg>
<status status="PASS" starttime="20230909 12:09:15.189" endtime="20230909 12:09:20.197"/>
</kw>
<kw name="Click Element" library="SeleniumLibrary">
<arg>${calendar}</arg>
<doc>Click the element identified by ``locator``.</doc>
<msg timestamp="20230909 12:09:20.197" level="INFO">Clicking element '//input[@id='basic_dates']'.</msg>
<status status="PASS" starttime="20230909 12:09:20.197" endtime="20230909 12:09:20.533"/>
</kw>
<kw name="Sleep" library="BuiltIn">
<arg>7s</arg>
<doc>Pauses the test executed for the given time.</doc>
<msg timestamp="20230909 12:09:27.538" level="INFO">Slept 7 seconds</msg>
<status status="PASS" starttime="20230909 12:09:20.533" endtime="20230909 12:09:27.538"/>
</kw>
<kw name="Click Element" library="SeleniumLibrary">
<arg>${date_xpath1}</arg>
<doc>Click the element identified by ``locator``.</doc>
<msg timestamp="20230909 12:09:27.538" level="INFO">Clicking element 'xpath://td[@title='2023-09-14']'.</msg>
<status status="PASS" starttime="20230909 12:09:27.538" endtime="20230909 12:09:27.839"/>
</kw>
<kw name="Sleep" library="BuiltIn">
<arg>5s</arg>
<doc>Pauses the test executed for the given time.</doc>
<msg timestamp="20230909 12:09:32.847" level="INFO">Slept 5 seconds</msg>
<status status="PASS" starttime="20230909 12:09:27.839" endtime="20230909 12:09:32.847"/>
</kw>
<kw name="Click Element" library="SeleniumLibrary">
<arg>${date_xpath1}</arg>
<doc>Click the element identified by ``locator``.</doc>
<msg timestamp="20230909 12:09:32.847" level="INFO">Clicking element 'xpath://td[@title='2023-09-14']'.</msg>
<status status="PASS" starttime="20230909 12:09:32.847" endtime="20230909 12:09:33.197"/>
</kw>
<kw name="Sleep" library="BuiltIn">
<arg>5s</arg>
<doc>Pauses the test executed for the given time.</doc>
<msg timestamp="20230909 12:09:38.204" level="INFO">Slept 5 seconds</msg>
<status status="PASS" starttime="20230909 12:09:33.197" endtime="20230909 12:09:38.204"/>
</kw>
<kw name="Press Keys" library="SeleniumLibrary">
<arg>${select_start_time}</arg>
<arg>9:00 am</arg>
<doc>Simulates the user pressing key(s) to an element or on the active browser.</doc>
<msg timestamp="20230909 12:09:38.204" level="INFO">Sending key(s) ('9:00 am',) to //div[1]/div/div/div[2]/div/div/div/div/span[2] element.</msg>
<msg timestamp="20230909 12:09:38.566" level="INFO">Sending keys 9:00 am</msg>
<status status="PASS" starttime="20230909 12:09:38.204" endtime="20230909 12:09:38.653"/>
</kw>
<kw name="Sleep" library="BuiltIn">
<arg>6s</arg>
<doc>Pauses the test executed for the given time.</doc>
<msg timestamp="20230909 12:09:44.666" level="INFO">Slept 6 seconds</msg>
<status status="PASS" starttime="20230909 12:09:38.662" endtime="20230909 12:09:44.666"/>
</kw>
<kw name="Click Element" library="SeleniumLibrary">
<arg>${select_start_time1}</arg>
<doc>Click the element identified by ``locator``.</doc>
<msg timestamp="20230909 12:09:44.668" level="INFO">Clicking element '//div[@class='ant-select-item-option-content'][normalize-space()='9:00 am']'.</msg>
<status status="PASS" starttime="20230909 12:09:44.666" endtime="20230909 12:09:44.936"/>
</kw>
<kw name="Sleep" library="BuiltIn">
<arg>6s</arg>
<doc>Pauses the test executed for the given time.</doc>
<msg timestamp="20230909 12:09:50.939" level="INFO">Slept 6 seconds</msg>
<status status="PASS" starttime="20230909 12:09:44.936" endtime="20230909 12:09:50.939"/>
</kw>
<kw name="Press Keys" library="SeleniumLibrary">
<arg>${select_end_time}</arg>
<arg>6:00 pm</arg>
<doc>Simulates the user pressing key(s) to an element or on the active browser.</doc>
<msg timestamp="20230909 12:09:50.939" level="INFO">Sending key(s) ('6:00 pm',) to //div[2]/div/div/div[2]/div/div/div/div/span[2] element.</msg>
<msg timestamp="20230909 12:09:51.246" level="INFO">Sending keys 6:00 pm</msg>
<status status="PASS" starttime="20230909 12:09:50.939" endtime="20230909 12:09:51.312"/>
</kw>
<kw name="Sleep" library="BuiltIn">
<arg>5s</arg>
<doc>Pauses the test executed for the given time.</doc>
<msg timestamp="20230909 12:09:56.327" level="INFO">Slept 5 seconds</msg>
<status status="PASS" starttime="20230909 12:09:51.312" endtime="20230909 12:09:56.327"/>
</kw>
<kw name="Click Element" library="SeleniumLibrary">
<arg>${select_end_time1}</arg>
<doc>Click the element identified by ``locator``.</doc>
<msg timestamp="20230909 12:09:56.327" level="INFO">Clicking element '//div[@class='ant-select-item-option-content'][normalize-space()='6:00 pm']'.</msg>
<status status="PASS" starttime="20230909 12:09:56.327" endtime="20230909 12:09:56.598"/>
</kw>
<kw name="Sleep" library="BuiltIn">
<arg>2s</arg>
<doc>Pauses the test executed for the given time.</doc>
<msg timestamp="20230909 12:09:58.605" level="INFO">Slept 2 seconds</msg>
<status status="PASS" starttime="20230909 12:09:56.598" endtime="20230909 12:09:58.605"/>
</kw>
<kw name="Press Keys" library="SeleniumLibrary">
<arg>${select_project}</arg>
<arg>Rampup_Software Services</arg>
<doc>Simulates the user pressing key(s) to an element or on the active browser.</doc>
<msg timestamp="20230909 12:09:58.605" level="INFO">Sending key(s) ('Rampup_Software Services',) to //*[@id="basic_tasks_0_projectId"] element.</msg>
<msg timestamp="20230909 12:09:58.942" level="INFO">Sending keys Rampup_Software Services</msg>
<status status="PASS" starttime="20230909 12:09:58.605" endtime="20230909 12:09:59.113"/>
</kw>
<kw name="Sleep" library="BuiltIn">
<arg>2s</arg>
<doc>Pauses the test executed for the given time.</doc>
<msg timestamp="20230909 12:10:01.120" level="INFO">Slept 2 seconds</msg>
<status status="PASS" starttime="20230909 12:09:59.113" endtime="20230909 12:10:01.121"/>
</kw>
<kw name="Click Element" library="SeleniumLibrary">
<arg>${select_project_name}</arg>
<doc>Click the element identified by ``locator``.</doc>
<msg timestamp="20230909 12:10:01.123" level="INFO">Clicking element '//div[contains(text(),'Rampup_Software Services - Terralogic')]'.</msg>
<status status="PASS" starttime="20230909 12:10:01.121" endtime="20230909 12:10:01.375"/>
</kw>
<kw name="Sleep" library="BuiltIn">
<arg>2s</arg>
<doc>Pauses the test executed for the given time.</doc>
<msg timestamp="20230909 12:10:03.387" level="INFO">Slept 2 seconds</msg>
<status status="PASS" starttime="20230909 12:10:01.375" endtime="20230909 12:10:03.387"/>
</kw>
<kw name="Input Text" library="SeleniumLibrary">
<arg>${task_name}</arg>
<arg>${task_name_value}</arg>
<doc>Types the given ``text`` into the text field identified by ``locator``.</doc>
<msg timestamp="20230909 12:10:03.388" level="INFO">Typing text 'Robot framework' into text field '//*[@id="basic_tasks_0_taskName"]'.</msg>
<status status="PASS" starttime="20230909 12:10:03.388" endtime="20230909 12:10:03.711"/>
</kw>
<kw name="Sleep" library="BuiltIn">
<arg>2s</arg>
<doc>Pauses the test executed for the given time.</doc>
<msg timestamp="20230909 12:10:05.716" level="INFO">Slept 2 seconds</msg>
<status status="PASS" starttime="20230909 12:10:03.711" endtime="20230909 12:10:05.716"/>
</kw>
<kw name="Input Text" library="SeleniumLibrary">
<arg>${description}</arg>
<arg>${description_value}</arg>
<doc>Types the given ``text`` into the text field identified by ``locator``.</doc>
<msg timestamp="20230909 12:10:05.717" level="INFO">Typing text 'Valuating Test cases' into text field '//*[@id="basic_tasks_0_notes"]'.</msg>
<status status="PASS" starttime="20230909 12:10:05.717" endtime="20230909 12:10:06.444"/>
</kw>
<kw name="Sleep" library="BuiltIn">
<arg>2s</arg>
<doc>Pauses the test executed for the given time.</doc>
<msg timestamp="20230909 12:10:08.452" level="INFO">Slept 2 seconds</msg>
<status status="PASS" starttime="20230909 12:10:06.444" endtime="20230909 12:10:08.453"/>
</kw>
<kw name="Click Element" library="SeleniumLibrary">
<arg>${submit}</arg>
<doc>Click the element identified by ``locator``.</doc>
<msg timestamp="20230909 12:10:08.454" level="INFO">Clicking element '//button[@type='submit']'.</msg>
<status status="PASS" starttime="20230909 12:10:08.453" endtime="20230909 12:10:08.834"/>
</kw>
<kw name="Sleep" library="BuiltIn">
<arg>10s</arg>
<doc>Pauses the test executed for the given time.</doc>
<msg timestamp="20230909 12:10:18.850" level="INFO">Slept 10 seconds</msg>
<status status="PASS" starttime="20230909 12:10:08.834" endtime="20230909 12:10:18.850"/>
</kw>
<status status="PASS" starttime="20230909 12:09:14.870" endtime="20230909 12:10:18.850"/>
</iter>
<iter>
<var name="${value}">2023-09-15</var>
<kw name="Set Variable" library="BuiltIn">
<var>${date_xpath1}</var>
<arg>xpath://td[@title='${value}']</arg>
<doc>Returns the given values which can then be assigned to a variables.</doc>
<msg timestamp="20230909 12:10:18.850" level="INFO">${date_xpath1} = xpath://td[@title='2023-09-15']</msg>
<status status="PASS" starttime="20230909 12:10:18.850" endtime="20230909 12:10:18.850"/>
</kw>
<kw name="Wait Until Element Is Visible" library="SeleniumLibrary">
<arg>${addtask}</arg>
<doc>Waits until the element ``locator`` is visible.</doc>
<status status="PASS" starttime="20230909 12:10:18.850" endtime="20230909 12:10:18.866"/>
</kw>
<kw name="Click Element" library="SeleniumLibrary">
<arg>${addtask}</arg>
<doc>Click the element identified by ``locator``.</doc>
<msg timestamp="20230909 12:10:18.866" level="INFO">Clicking element '//button[@class='ant-btn ant-btn-round ant-btn-primary ant-btn-lg MyButton__primary']//img'.</msg>
<status status="PASS" starttime="20230909 12:10:18.866" endtime="20230909 12:10:19.168"/>
</kw>
<kw name="Sleep" library="BuiltIn">
<arg>5s</arg>
<doc>Pauses the test executed for the given time.</doc>
<msg timestamp="20230909 12:10:24.171" level="INFO">Slept 5 seconds</msg>
<status status="PASS" starttime="20230909 12:10:19.168" endtime="20230909 12:10:24.171"/>
</kw>
<kw name="Click Element" library="SeleniumLibrary">
<arg>${calendar}</arg>
<doc>Click the element identified by ``locator``.</doc>
<msg timestamp="20230909 12:10:24.171" level="INFO">Clicking element '//input[@id='basic_dates']'.</msg>
<status status="PASS" starttime="20230909 12:10:24.171" endtime="20230909 12:10:24.503"/>
</kw>
<kw name="Sleep" library="BuiltIn">
<arg>7s</arg>
<doc>Pauses the test executed for the given time.</doc>
<msg timestamp="20230909 12:10:31.514" level="INFO">Slept 7 seconds</msg>
<status status="PASS" starttime="20230909 12:10:24.503" endtime="20230909 12:10:31.514"/>
</kw>
<kw name="Click Element" library="SeleniumLibrary">
<arg>${date_xpath1}</arg>
<doc>Click the element identified by ``locator``.</doc>
<msg timestamp="20230909 12:10:31.514" level="INFO">Clicking element 'xpath://td[@title='2023-09-15']'.</msg>
<status status="PASS" starttime="20230909 12:10:31.514" endtime="20230909 12:10:31.818"/>
</kw>
<kw name="Sleep" library="BuiltIn">
<arg>5s</arg>
<doc>Pauses the test executed for the given time.</doc>
<msg timestamp="20230909 12:10:36.827" level="INFO">Slept 5 seconds</msg>
<status status="PASS" starttime="20230909 12:10:31.818" endtime="20230909 12:10:36.827"/>
</kw>
<kw name="Click Element" library="SeleniumLibrary">
<arg>${date_xpath1}</arg>
<doc>Click the element identified by ``locator``.</doc>
<msg timestamp="20230909 12:10:36.827" level="INFO">Clicking element 'xpath://td[@title='2023-09-15']'.</msg>
<status status="PASS" starttime="20230909 12:10:36.827" endtime="20230909 12:10:37.178"/>
</kw>
<kw name="Sleep" library="BuiltIn">
<arg>5s</arg>
<doc>Pauses the test executed for the given time.</doc>
<msg timestamp="20230909 12:10:42.182" level="INFO">Slept 5 seconds</msg>
<status status="PASS" starttime="20230909 12:10:37.178" endtime="20230909 12:10:42.182"/>
</kw>
<kw name="Press Keys" library="SeleniumLibrary">
<arg>${select_start_time}</arg>
<arg>9:00 am</arg>
<doc>Simulates the user pressing key(s) to an element or on the active browser.</doc>
<msg timestamp="20230909 12:10:42.182" level="INFO">Sending key(s) ('9:00 am',) to //div[1]/div/div/div[2]/div/div/div/div/span[2] element.</msg>
<msg timestamp="20230909 12:10:42.499" level="INFO">Sending keys 9:00 am</msg>
<status status="PASS" starttime="20230909 12:10:42.182" endtime="20230909 12:10:42.579"/>
</kw>
<kw name="Sleep" library="BuiltIn">
<arg>6s</arg>
<doc>Pauses the test executed for the given time.</doc>
<msg timestamp="20230909 12:10:48.594" level="INFO">Slept 6 seconds</msg>
<status status="PASS" starttime="20230909 12:10:42.579" endtime="20230909 12:10:48.594"/>
</kw>
<kw name="Click Element" library="SeleniumLibrary">
<arg>${select_start_time1}</arg>
<doc>Click the element identified by ``locator``.</doc>
<msg timestamp="20230909 12:10:48.594" level="INFO">Clicking element '//div[@class='ant-select-item-option-content'][normalize-space()='9:00 am']'.</msg>
<status status="PASS" starttime="20230909 12:10:48.594" endtime="20230909 12:10:48.863"/>
</kw>
<kw name="Sleep" library="BuiltIn">
<arg>6s</arg>
<doc>Pauses the test executed for the given time.</doc>
<msg timestamp="20230909 12:10:54.868" level="INFO">Slept 6 seconds</msg>
<status status="PASS" starttime="20230909 12:10:48.863" endtime="20230909 12:10:54.868"/>
</kw>
<kw name="Press Keys" library="SeleniumLibrary">
<arg>${select_end_time}</arg>
<arg>6:00 pm</arg>
<doc>Simulates the user pressing key(s) to an element or on the active browser.</doc>
<msg timestamp="20230909 12:10:54.868" level="INFO">Sending key(s) ('6:00 pm',) to //div[2]/div/div/div[2]/div/div/div/div/span[2] element.</msg>
<msg timestamp="20230909 12:10:55.186" level="INFO">Sending keys 6:00 pm</msg>
<status status="PASS" starttime="20230909 12:10:54.868" endtime="20230909 12:10:55.252"/>
</kw>
<kw name="Sleep" library="BuiltIn">
<arg>5s</arg>
<doc>Pauses the test executed for the given time.</doc>
<msg timestamp="20230909 12:11:00.252" level="INFO">Slept 5 seconds</msg>
<status status="PASS" starttime="20230909 12:10:55.252" endtime="20230909 12:11:00.252"/>
</kw>
<kw name="Click Element" library="SeleniumLibrary">
<arg>${select_end_time1}</arg>
<doc>Click the element identified by ``locator``.</doc>
<msg timestamp="20230909 12:11:00.252" level="INFO">Clicking element '//div[@class='ant-select-item-option-content'][normalize-space()='6:00 pm']'.</msg>
<status status="PASS" starttime="20230909 12:11:00.252" endtime="20230909 12:11:00.538"/>
</kw>
<kw name="Sleep" library="BuiltIn">
<arg>2s</arg>
<doc>Pauses the test executed for the given time.</doc>
<msg timestamp="20230909 12:11:02.553" level="INFO">Slept 2 seconds</msg>
<status status="PASS" starttime="20230909 12:11:00.538" endtime="20230909 12:11:02.553"/>
</kw>
<kw name="Press Keys" library="SeleniumLibrary">
<arg>${select_project}</arg>
<arg>Rampup_Software Services</arg>
<doc>Simulates the user pressing key(s) to an element or on the active browser.</doc>
<msg timestamp="20230909 12:11:02.553" level="INFO">Sending key(s) ('Rampup_Software Services',) to //*[@id="basic_tasks_0_projectId"] element.</msg>
<msg timestamp="20230909 12:11:02.858" level="INFO">Sending keys Rampup_Software Services</msg>
<status status="PASS" starttime="20230909 12:11:02.553" endtime="20230909 12:11:03.016"/>
</kw>
<kw name="Sleep" library="BuiltIn">
<arg>2s</arg>
<doc>Pauses the test executed for the given time.</doc>
<msg timestamp="20230909 12:11:05.028" level="INFO">Slept 2 seconds</msg>
<status status="PASS" starttime="20230909 12:11:03.016" endtime="20230909 12:11:05.028"/>
</kw>
<kw name="Click Element" library="SeleniumLibrary">
<arg>${select_project_name}</arg>
<doc>Click the element identified by ``locator``.</doc>
<msg timestamp="20230909 12:11:05.028" level="INFO">Clicking element '//div[contains(text(),'Rampup_Software Services - Terralogic')]'.</msg>
<status status="PASS" starttime="20230909 12:11:05.028" endtime="20230909 12:11:05.298"/>
</kw>
<kw name="Sleep" library="BuiltIn">
<arg>2s</arg>
<doc>Pauses the test executed for the given time.</doc>
<msg timestamp="20230909 12:11:07.300" level="INFO">Slept 2 seconds</msg>
<status status="PASS" starttime="20230909 12:11:05.298" endtime="20230909 12:11:07.300"/>
</kw>
<kw name="Input Text" library="SeleniumLibrary">
<arg>${task_name}</arg>
<arg>${task_name_value}</arg>
<doc>Types the given ``text`` into the text field identified by ``locator``.</doc>
<msg timestamp="20230909 12:11:07.300" level="INFO">Typing text 'Robot framework' into text field '//*[@id="basic_tasks_0_taskName"]'.</msg>
<status status="PASS" starttime="20230909 12:11:07.300" endtime="20230909 12:11:07.602"/>
</kw>
<kw name="Sleep" library="BuiltIn">
<arg>2s</arg>
<doc>Pauses the test executed for the given time.</doc>
<msg timestamp="20230909 12:11:09.604" level="INFO">Slept 2 seconds</msg>
<status status="PASS" starttime="20230909 12:11:07.602" endtime="20230909 12:11:09.604"/>
</kw>
<kw name="Input Text" library="SeleniumLibrary">
<arg>${description}</arg>
<arg>${description_value}</arg>
<doc>Types the given ``text`` into the text field identified by ``locator``.</doc>
<msg timestamp="20230909 12:11:09.604" level="INFO">Typing text 'Valuating Test cases' into text field '//*[@id="basic_tasks_0_notes"]'.</msg>
<status status="PASS" starttime="20230909 12:11:09.604" endtime="20230909 12:11:10.140"/>
</kw>
<kw name="Sleep" library="BuiltIn">
<arg>2s</arg>
<doc>Pauses the test executed for the given time.</doc>
<msg timestamp="20230909 12:11:12.153" level="INFO">Slept 2 seconds</msg>
<status status="PASS" starttime="20230909 12:11:10.140" endtime="20230909 12:11:12.153"/>
</kw>
<kw name="Click Element" library="SeleniumLibrary">
<arg>${submit}</arg>
<doc>Click the element identified by ``locator``.</doc>
<msg timestamp="20230909 12:11:12.153" level="INFO">Clicking element '//button[@type='submit']'.</msg>
<status status="PASS" starttime="20230909 12:11:12.153" endtime="20230909 12:11:12.487"/>
</kw>
<kw name="Sleep" library="BuiltIn">
<arg>10s</arg>
<doc>Pauses the test executed for the given time.</doc>
<msg timestamp="20230909 12:11:22.500" level="INFO">Slept 10 seconds</msg>
<status status="PASS" starttime="20230909 12:11:12.487" endtime="20230909 12:11:22.500"/>
</kw>
<status status="PASS" starttime="20230909 12:10:18.850" endtime="20230909 12:11:22.500"/>
</iter>
<status status="PASS" starttime="20230909 12:06:01.685" endtime="20230909 12:11:22.500"/>
</for>
<status status="PASS" starttime="20230909 12:05:59.264" endtime="20230909 12:11:22.500"/>
</kw>
<kw name="Close The Browser" library="Hr_login_keywords">
<kw name="Close All Browsers" library="SeleniumLibrary">
<doc>Closes all open browsers and resets the browser cache.</doc>
<status status="PASS" starttime="20230909 12:11:22.500" endtime="20230909 12:11:23.309"/>
</kw>
<status status="PASS" starttime="20230909 12:11:22.500" endtime="20230909 12:11:23.309"/>
</kw>
<status status="PASS" starttime="20230909 12:04:24.148" endtime="20230909 12:11:23.309"/>
</test>
<status status="PASS" starttime="20230909 12:04:23.888" endtime="20230909 12:11:23.324"/>
</suite>
<statistics>
<total>
<stat pass="1" fail="0" skip="0">All Tests</stat>
</total>
<tag>
</tag>
<suite>
<stat pass="1" fail="0" skip="0" id="s1" name="Testcase41">Testcase41</stat>
</suite>
</statistics>
<errors>
<msg timestamp="20230909 12:05:59.292" level="WARN">Keyword 'BuiltIn.Run Keyword Unless' is deprecated. </msg>
<msg timestamp="20230909 12:05:59.301" level="WARN">Keyword 'BuiltIn.Run Keyword Unless' is deprecated. </msg>
<msg timestamp="20230909 12:05:59.310" level="WARN">Keyword 'BuiltIn.Run Keyword Unless' is deprecated. </msg>
<msg timestamp="20230909 12:05:59.321" level="WARN">Keyword 'BuiltIn.Run Keyword Unless' is deprecated. </msg>
<msg timestamp="20230909 12:05:59.330" level="WARN">Keyword 'BuiltIn.Run Keyword Unless' is deprecated. </msg>
<msg timestamp="20230909 12:05:59.337" level="WARN">Keyword 'BuiltIn.Run Keyword Unless' is deprecated. </msg>
<msg timestamp="20230909 12:05:59.345" level="WARN">Keyword 'BuiltIn.Run Keyword Unless' is deprecated. </msg>
</errors>
</robot>
